[25-Feb-2018 09:10:11 UTC] PHP Parse error:  syntax error, unexpected end of file in /home/ubuntu/workspace/Labs/3/SilverJack/start.php on line 43
[25-Feb-2018 11:00:46 UTC] PHP Fatal error:  Call to undefined function play() in /home/ubuntu/workspace/Labs/3/SilverJack/index.php on line 22
[25-Feb-2018 11:00:46 UTC] PHP Stack trace:
[25-Feb-2018 11:00:46 UTC] PHP   1. {main}() /home/ubuntu/workspace/Labs/3/SilverJack/index.php:0
[25-Feb-2018 11:57:15 UTC] PHP Parse error:  syntax error, unexpected end of file in /home/ubuntu/workspace/Labs/3/SilverJack/index.php on line 43
[25-Feb-2018 11:57:50 UTC] PHP Warning:  Illegal offset type in /home/ubuntu/workspace/Labs/3/SilverJack/index.php on line 34
[25-Feb-2018 11:57:50 UTC] PHP Stack trace:
[25-Feb-2018 11:57:50 UTC] PHP   1. {main}() /home/ubuntu/workspace/Labs/3/SilverJack/index.php:0
[25-Feb-2018 11:57:50 UTC] PHP Warning:  Illegal offset type in /home/ubuntu/workspace/Labs/3/SilverJack/index.php on line 34
[25-Feb-2018 11:57:50 UTC] PHP Stack trace:
[25-Feb-2018 11:57:50 UTC] PHP   1. {main}() /home/ubuntu/workspace/Labs/3/SilverJack/index.php:0
[25-Feb-2018 11:57:50 UTC] PHP Warning:  Illegal offset type in /home/ubuntu/workspace/Labs/3/SilverJack/index.php on line 34
[25-Feb-2018 11:57:50 UTC] PHP Stack trace:
[25-Feb-2018 11:57:50 UTC] PHP   1. {main}() /home/ubuntu/workspace/Labs/3/SilverJack/index.php:0
[25-Feb-2018 11:57:50 UTC] PHP Warning:  Illegal offset type in /home/ubuntu/workspace/Labs/3/SilverJack/index.php on line 34
[25-Feb-2018 11:57:50 UTC] PHP Stack trace:
[25-Feb-2018 11:57:50 UTC] PHP   1. {main}() /home/ubuntu/workspace/Labs/3/SilverJack/index.php:0
[25-Feb-2018 11:57:50 UTC] PHP Warning:  Illegal offset type in /home/ubuntu/workspace/Labs/3/SilverJack/index.php on line 34
[25-Feb-2018 11:57:50 UTC] PHP Stack trace:
[25-Feb-2018 11:57:50 UTC] PHP   1. {main}() /home/ubuntu/workspace/Labs/3/SilverJack/index.php:0
[25-Feb-2018 11:57:50 UTC] PHP Warning:  Illegal offset type in /home/ubuntu/workspace/Labs/3/SilverJack/index.php on line 34
[25-Feb-2018 11:57:50 UTC] PHP Stack trace:
[25-Feb-2018 11:57:50 UTC] PHP   1. {main}() /home/ubuntu/workspace/Labs/3/SilverJack/index.php:0
[25-Feb-2018 11:57:50 UTC] PHP Warning:  Illegal offset type in /home/ubuntu/workspace/Labs/3/SilverJack/index.php on line 34
[25-Feb-2018 11:57:50 UTC] PHP Stack trace:
[25-Feb-2018 11:57:50 UTC] PHP   1. {main}() /home/ubuntu/workspace/Labs/3/SilverJack/index.php:0
[25-Feb-2018 11:57:50 UTC] PHP Warning:  Illegal offset type in /home/ubuntu/workspace/Labs/3/SilverJack/index.php on line 34
[25-Feb-2018 11:57:50 UTC] PHP Stack trace:
[25-Feb-2018 11:57:50 UTC] PHP   1. {main}() /home/ubuntu/workspace/Labs/3/SilverJack/index.php:0
[25-Feb-2018 11:57:50 UTC] PHP Warning:  Illegal offset type in /home/ubuntu/workspace/Labs/3/SilverJack/index.php on line 34
[25-Feb-2018 11:57:50 UTC] PHP Stack trace:
[25-Feb-2018 11:57:50 UTC] PHP   1. {main}() /home/ubuntu/workspace/Labs/3/SilverJack/index.php:0
[25-Feb-2018 11:57:50 UTC] PHP Warning:  Illegal offset type in /home/ubuntu/workspace/Labs/3/SilverJack/index.php on line 34
[25-Feb-2018 11:57:50 UTC] PHP Stack trace:
[25-Feb-2018 11:57:50 UTC] PHP   1. {main}() /home/ubuntu/workspace/Labs/3/SilverJack/index.php:0
[25-Feb-2018 11:57:50 UTC] PHP Warning:  Illegal offset type in /home/ubuntu/workspace/Labs/3/SilverJack/index.php on line 34
[25-Feb-2018 11:57:50 UTC] PHP Stack trace:
[25-Feb-2018 11:57:50 UTC] PHP   1. {main}() /home/ubuntu/workspace/Labs/3/SilverJack/index.php:0
[25-Feb-2018 11:57:50 UTC] PHP Warning:  Illegal offset type in /home/ubuntu/workspace/Labs/3/SilverJack/index.php on line 34
[25-Feb-2018 11:57:50 UTC] PHP Stack trace:
[25-Feb-2018 11:57:50 UTC] PHP   1. {main}() /home/ubuntu/workspace/Labs/3/SilverJack/index.php:0
[25-Feb-2018 11:57:50 UTC] PHP Warning:  Illegal offset type in /home/ubuntu/workspace/Labs/3/SilverJack/index.php on line 34
[25-Feb-2018 11:57:50 UTC] PHP Stack trace:
[25-Feb-2018 11:57:50 UTC] PHP   1. {main}() /home/ubuntu/workspace/Labs/3/SilverJack/index.php:0
[25-Feb-2018 11:57:50 UTC] PHP Warning:  Illegal offset type in /home/ubuntu/workspace/Labs/3/SilverJack/index.php on line 34
[25-Feb-2018 11:57:50 UTC] PHP Stack trace:
[25-Feb-2018 11:57:50 UTC] PHP   1. {main}() /home/ubuntu/workspace/Labs/3/SilverJack/index.php:0
[25-Feb-2018 11:57:50 UTC] PHP Warning:  Illegal offset type in /home/ubuntu/workspace/Labs/3/SilverJack/index.php on line 34
[25-Feb-2018 11:57:50 UTC] PHP Stack trace:
[25-Feb-2018 11:57:50 UTC] PHP   1. {main}() /home/ubuntu/workspace/Labs/3/SilverJack/index.php:0
[25-Feb-2018 11:57:50 UTC] PHP Warning:  Illegal offset type in /home/ubuntu/workspace/Labs/3/SilverJack/index.php on line 34
[25-Feb-2018 11:57:50 UTC] PHP Stack trace:
[25-Feb-2018 11:57:50 UTC] PHP   1. {main}() /home/ubuntu/workspace/Labs/3/SilverJack/index.php:0
[25-Feb-2018 11:57:50 UTC] PHP Warning:  Illegal offset type in /home/ubuntu/workspace/Labs/3/SilverJack/index.php on line 34
[25-Feb-2018 11:57:50 UTC] PHP Stack trace:
[25-Feb-2018 11:57:50 UTC] PHP   1. {main}() /home/ubuntu/workspace/Labs/3/SilverJack/index.php:0
[25-Feb-2018 11:57:50 UTC] PHP Warning:  Illegal offset type in /home/ubuntu/workspace/Labs/3/SilverJack/index.php on line 34
[25-Feb-2018 11:57:50 UTC] PHP Stack trace:
[25-Feb-2018 11:57:50 UTC] PHP   1. {main}() /home/ubuntu/workspace/Labs/3/SilverJack/index.php:0
[25-Feb-2018 11:57:50 UTC] PHP Warning:  Illegal offset type in /home/ubuntu/workspace/Labs/3/SilverJack/index.php on line 34
[25-Feb-2018 11:57:50 UTC] PHP Stack trace:
[25-Feb-2018 11:57:50 UTC] PHP   1. {main}() /home/ubuntu/workspace/Labs/3/SilverJack/index.php:0
[25-Feb-2018 11:57:50 UTC] PHP Warning:  Illegal offset type in /home/ubuntu/workspace/Labs/3/SilverJack/index.php on line 34
[25-Feb-2018 11:57:50 UTC] PHP Stack trace:
[25-Feb-2018 11:57:50 UTC] PHP   1. {main}() /home/ubuntu/workspace/Labs/3/SilverJack/index.php:0
[25-Feb-2018 11:57:50 UTC] PHP Warning:  Illegal offset type in /home/ubuntu/workspace/Labs/3/SilverJack/index.php on line 34
[25-Feb-2018 11:57:50 UTC] PHP Stack trace:
[25-Feb-2018 11:57:50 UTC] PHP   1. {main}() /home/ubuntu/workspace/Labs/3/SilverJack/index.php:0
[25-Feb-2018 11:57:50 UTC] PHP Warning:  Illegal offset type in /home/ubuntu/workspace/Labs/3/SilverJack/index.php on line 34
[25-Feb-2018 11:57:50 UTC] PHP Stack trace:
[25-Feb-2018 11:57:50 UTC] PHP   1. {main}() /home/ubuntu/workspace/Labs/3/SilverJack/index.php:0
[25-Feb-2018 11:57:50 UTC] PHP Warning:  Illegal offset type in /home/ubuntu/workspace/Labs/3/SilverJack/index.php on line 34
[25-Feb-2018 11:57:50 UTC] PHP Stack trace:
[25-Feb-2018 11:57:50 UTC] PHP   1. {main}() /home/ubuntu/workspace/Labs/3/SilverJack/index.php:0
[25-Feb-2018 11:57:50 UTC] PHP Warning:  Illegal offset type in /home/ubuntu/workspace/Labs/3/SilverJack/index.php on line 34
[25-Feb-2018 11:57:50 UTC] PHP Stack trace:
[25-Feb-2018 11:57:50 UTC] PHP   1. {main}() /home/ubuntu/workspace/Labs/3/SilverJack/index.php:0
[25-Feb-2018 11:57:50 UTC] PHP Warning:  Illegal offset type in /home/ubuntu/workspace/Labs/3/SilverJack/index.php on line 34
[25-Feb-2018 11:57:50 UTC] PHP Stack trace:
[25-Feb-2018 11:57:50 UTC] PHP   1. {main}() /home/ubuntu/workspace/Labs/3/SilverJack/index.php:0
[25-Feb-2018 11:57:50 UTC] PHP Warning:  Illegal offset type in /home/ubuntu/workspace/Labs/3/SilverJack/index.php on line 34
[25-Feb-2018 11:57:50 UTC] PHP Stack trace:
[25-Feb-2018 11:57:50 UTC] PHP   1. {main}() /home/ubuntu/workspace/Labs/3/SilverJack/index.php:0
[25-Feb-2018 11:57:50 UTC] PHP Warning:  Illegal offset type in /home/ubuntu/workspace/Labs/3/SilverJack/index.php on line 34
[25-Feb-2018 11:57:50 UTC] PHP Stack trace:
[25-Feb-2018 11:57:50 UTC] PHP   1. {main}() /home/ubuntu/workspace/Labs/3/SilverJack/index.php:0
[25-Feb-2018 11:57:50 UTC] PHP Warning:  Illegal offset type in /home/ubuntu/workspace/Labs/3/SilverJack/index.php on line 34
[25-Feb-2018 11:57:50 UTC] PHP Stack trace:
[25-Feb-2018 11:57:50 UTC] PHP   1. {main}() /home/ubuntu/workspace/Labs/3/SilverJack/index.php:0
[25-Feb-2018 11:57:50 UTC] PHP Warning:  Illegal offset type in /home/ubuntu/workspace/Labs/3/SilverJack/index.php on line 34
[25-Feb-2018 11:57:50 UTC] PHP Stack trace:
[25-Feb-2018 11:57:50 UTC] PHP   1. {main}() /home/ubuntu/workspace/Labs/3/SilverJack/index.php:0
[25-Feb-2018 11:57:50 UTC] PHP Warning:  Illegal offset type in /home/ubuntu/workspace/Labs/3/SilverJack/index.php on line 34
[25-Feb-2018 11:57:50 UTC] PHP Stack trace:
[25-Feb-2018 11:57:50 UTC] PHP   1. {main}() /home/ubuntu/workspace/Labs/3/SilverJack/index.php:0
[25-Feb-2018 11:57:50 UTC] PHP Warning:  Illegal offset type in /home/ubuntu/workspace/Labs/3/SilverJack/index.php on line 34
[25-Feb-2018 11:57:50 UTC] PHP Stack trace:
[25-Feb-2018 11:57:50 UTC] PHP   1. {main}() /home/ubuntu/workspace/Labs/3/SilverJack/index.php:0
[25-Feb-2018 11:57:50 UTC] PHP Warning:  Illegal offset type in /home/ubuntu/workspace/Labs/3/SilverJack/index.php on line 34
[25-Feb-2018 11:57:50 UTC] PHP Stack trace:
[25-Feb-2018 11:57:50 UTC] PHP   1. {main}() /home/ubuntu/workspace/Labs/3/SilverJack/index.php:0
[25-Feb-2018 11:57:50 UTC] PHP Warning:  Illegal offset type in /home/ubuntu/workspace/Labs/3/SilverJack/index.php on line 34
[25-Feb-2018 11:57:50 UTC] PHP Stack trace:
[25-Feb-2018 11:57:50 UTC] PHP   1. {main}() /home/ubuntu/workspace/Labs/3/SilverJack/index.php:0
[25-Feb-2018 11:57:50 UTC] PHP Warning:  Illegal offset type in /home/ubuntu/workspace/Labs/3/SilverJack/index.php on line 34
[25-Feb-2018 11:57:50 UTC] PHP Stack trace:
[25-Feb-2018 11:57:50 UTC] PHP   1. {main}() /home/ubuntu/workspace/Labs/3/SilverJack/index.php:0
[25-Feb-2018 11:57:50 UTC] PHP Warning:  Illegal offset type in /home/ubuntu/workspace/Labs/3/SilverJack/index.php on line 34
[25-Feb-2018 11:57:50 UTC] PHP Stack trace:
[25-Feb-2018 11:57:50 UTC] PHP   1. {main}() /home/ubuntu/workspace/Labs/3/SilverJack/index.php:0
[25-Feb-2018 11:57:50 UTC] PHP Warning:  Illegal offset type in /home/ubuntu/workspace/Labs/3/SilverJack/index.php on line 34
[25-Feb-2018 11:57:50 UTC] PHP Stack trace:
[25-Feb-2018 11:57:50 UTC] PHP   1. {main}() /home/ubuntu/workspace/Labs/3/SilverJack/index.php:0
[25-Feb-2018 11:57:50 UTC] PHP Warning:  Illegal offset type in /home/ubuntu/workspace/Labs/3/SilverJack/index.php on line 34
[25-Feb-2018 11:57:50 UTC] PHP Stack trace:
[25-Feb-2018 11:57:50 UTC] PHP   1. {main}() /home/ubuntu/workspace/Labs/3/SilverJack/index.php:0
[25-Feb-2018 11:57:50 UTC] PHP Warning:  Illegal offset type in /home/ubuntu/workspace/Labs/3/SilverJack/index.php on line 34
[25-Feb-2018 11:57:50 UTC] PHP Stack trace:
[25-Feb-2018 11:57:50 UTC] PHP   1. {main}() /home/ubuntu/workspace/Labs/3/SilverJack/index.php:0
[25-Feb-2018 11:57:50 UTC] PHP Warning:  Illegal offset type in /home/ubuntu/workspace/Labs/3/SilverJack/index.php on line 34
[25-Feb-2018 11:57:50 UTC] PHP Stack trace:
[25-Feb-2018 11:57:50 UTC] PHP   1. {main}() /home/ubuntu/workspace/Labs/3/SilverJack/index.php:0
[25-Feb-2018 11:57:50 UTC] PHP Warning:  Illegal offset type in /home/ubuntu/workspace/Labs/3/SilverJack/index.php on line 34
[25-Feb-2018 11:57:50 UTC] PHP Stack trace:
[25-Feb-2018 11:57:50 UTC] PHP   1. {main}() /home/ubuntu/workspace/Labs/3/SilverJack/index.php:0
[25-Feb-2018 11:57:50 UTC] PHP Warning:  Illegal offset type in /home/ubuntu/workspace/Labs/3/SilverJack/index.php on line 34
[25-Feb-2018 11:57:50 UTC] PHP Stack trace:
[25-Feb-2018 11:57:50 UTC] PHP   1. {main}() /home/ubuntu/workspace/Labs/3/SilverJack/index.php:0
[25-Feb-2018 11:57:50 UTC] PHP Warning:  Illegal offset type in /home/ubuntu/workspace/Labs/3/SilverJack/index.php on line 34
[25-Feb-2018 11:57:50 UTC] PHP Stack trace:
[25-Feb-2018 11:57:50 UTC] PHP   1. {main}() /home/ubuntu/workspace/Labs/3/SilverJack/index.php:0
[25-Feb-2018 11:57:50 UTC] PHP Warning:  Illegal offset type in /home/ubuntu/workspace/Labs/3/SilverJack/index.php on line 34
[25-Feb-2018 11:57:50 UTC] PHP Stack trace:
[25-Feb-2018 11:57:50 UTC] PHP   1. {main}() /home/ubuntu/workspace/Labs/3/SilverJack/index.php:0
[25-Feb-2018 11:57:50 UTC] PHP Warning:  Illegal offset type in /home/ubuntu/workspace/Labs/3/SilverJack/index.php on line 34
[25-Feb-2018 11:57:50 UTC] PHP Stack trace:
[25-Feb-2018 11:57:50 UTC] PHP   1. {main}() /home/ubuntu/workspace/Labs/3/SilverJack/index.php:0
[25-Feb-2018 11:57:50 UTC] PHP Warning:  Illegal offset type in /home/ubuntu/workspace/Labs/3/SilverJack/index.php on line 34
[25-Feb-2018 11:57:50 UTC] PHP Stack trace:
[25-Feb-2018 11:57:50 UTC] PHP   1. {main}() /home/ubuntu/workspace/Labs/3/SilverJack/index.php:0
[25-Feb-2018 11:57:50 UTC] PHP Warning:  Illegal offset type in /home/ubuntu/workspace/Labs/3/SilverJack/index.php on line 34
[25-Feb-2018 11:57:50 UTC] PHP Stack trace:
[25-Feb-2018 11:57:50 UTC] PHP   1. {main}() /home/ubuntu/workspace/Labs/3/SilverJack/index.php:0
[25-Feb-2018 11:57:50 UTC] PHP Warning:  Illegal offset type in /home/ubuntu/workspace/Labs/3/SilverJack/index.php on line 34
[25-Feb-2018 11:57:50 UTC] PHP Stack trace:
[25-Feb-2018 11:57:50 UTC] PHP   1. {main}() /home/ubuntu/workspace/Labs/3/SilverJack/index.php:0
[25-Feb-2018 11:57:50 UTC] PHP Warning:  Illegal offset type in /home/ubuntu/workspace/Labs/3/SilverJack/index.php on line 34
[25-Feb-2018 11:57:50 UTC] PHP Stack trace:
[25-Feb-2018 11:57:50 UTC] PHP   1. {main}() /home/ubuntu/workspace/Labs/3/SilverJack/index.php:0
[25-Feb-2018 11:57:50 UTC] PHP Warning:  Illegal offset type in /home/ubuntu/workspace/Labs/3/SilverJack/index.php on line 34
[25-Feb-2018 11:57:50 UTC] PHP Stack trace:
[25-Feb-2018 11:57:50 UTC] PHP   1. {main}() /home/ubuntu/workspace/Labs/3/SilverJack/index.php:0
[25-Feb-2018 11:57:50 UTC] PHP Warning:  Illegal offset type in /home/ubuntu/workspace/Labs/3/SilverJack/index.php on line 34
[25-Feb-2018 11:57:50 UTC] PHP Stack trace:
[25-Feb-2018 11:57:50 UTC] PHP   1. {main}() /home/ubuntu/workspace/Labs/3/SilverJack/index.php:0
[25-Feb-2018 11:57:50 UTC] PHP Warning:  Illegal offset type in /home/ubuntu/workspace/Labs/3/SilverJack/index.php on line 34
[25-Feb-2018 11:57:50 UTC] PHP Stack trace:
[25-Feb-2018 11:57:50 UTC] PHP   1. {main}() /home/ubuntu/workspace/Labs/3/SilverJack/index.php:0
[25-Feb-2018 11:57:50 UTC] PHP Warning:  Illegal offset type in /home/ubuntu/workspace/Labs/3/SilverJack/index.php on line 34
[25-Feb-2018 11:57:50 UTC] PHP Stack trace:
[25-Feb-2018 11:57:50 UTC] PHP   1. {main}() /home/ubuntu/workspace/Labs/3/SilverJack/index.php:0
[25-Feb-2018 11:57:50 UTC] PHP Warning:  Illegal offset type in /home/ubuntu/workspace/Labs/3/SilverJack/index.php on line 34
[25-Feb-2018 11:57:50 UTC] PHP Stack trace:
[25-Feb-2018 11:57:50 UTC] PHP   1. {main}() /home/ubuntu/workspace/Labs/3/SilverJack/index.php:0
[25-Feb-2018 11:57:50 UTC] PHP Warning:  Illegal offset type in /home/ubuntu/workspace/Labs/3/SilverJack/index.php on line 34
[25-Feb-2018 11:57:50 UTC] PHP Stack trace:
[25-Feb-2018 11:57:50 UTC] PHP   1. {main}() /home/ubuntu/workspace/Labs/3/SilverJack/index.php:0
[25-Feb-2018 11:57:50 UTC] PHP Warning:  Illegal offset type in /home/ubuntu/workspace/Labs/3/SilverJack/index.php on line 34
[25-Feb-2018 11:57:50 UTC] PHP Stack trace:
[25-Feb-2018 11:57:50 UTC] PHP   1. {main}() /home/ubuntu/workspace/Labs/3/SilverJack/index.php:0
[25-Feb-2018 11:57:50 UTC] PHP Warning:  Illegal offset type in /home/ubuntu/workspace/Labs/3/SilverJack/index.php on line 34
[25-Feb-2018 11:57:50 UTC] PHP Stack trace:
[25-Feb-2018 11:57:50 UTC] PHP   1. {main}() /home/ubuntu/workspace/Labs/3/SilverJack/index.php:0
[25-Feb-2018 11:57:50 UTC] PHP Warning:  Illegal offset type in /home/ubuntu/workspace/Labs/3/SilverJack/index.php on line 34
[25-Feb-2018 11:57:50 UTC] PHP Stack trace:
[25-Feb-2018 11:57:50 UTC] PHP   1. {main}() /home/ubuntu/workspace/Labs/3/SilverJack/index.php:0
[25-Feb-2018 11:57:50 UTC] PHP Warning:  Illegal offset type in /home/ubuntu/workspace/Labs/3/SilverJack/index.php on line 34
[25-Feb-2018 11:57:50 UTC] PHP Stack trace:
[25-Feb-2018 11:57:50 UTC] PHP   1. {main}() /home/ubuntu/workspace/Labs/3/SilverJack/index.php:0
[25-Feb-2018 11:57:50 UTC] PHP Warning:  Illegal offset type in /home/ubuntu/workspace/Labs/3/SilverJack/index.php on line 34
[25-Feb-2018 11:57:50 UTC] PHP Stack trace:
[25-Feb-2018 11:57:50 UTC] PHP   1. {main}() /home/ubuntu/workspace/Labs/3/SilverJack/index.php:0
[25-Feb-2018 11:57:50 UTC] PHP Warning:  Illegal offset type in /home/ubuntu/workspace/Labs/3/SilverJack/index.php on line 34
[25-Feb-2018 11:57:50 UTC] PHP Stack trace:
[25-Feb-2018 11:57:50 UTC] PHP   1. {main}() /home/ubuntu/workspace/Labs/3/SilverJack/index.php:0
[25-Feb-2018 11:57:50 UTC] PHP Warning:  Illegal offset type in /home/ubuntu/workspace/Labs/3/SilverJack/index.php on line 34
[25-Feb-2018 11:57:50 UTC] PHP Stack trace:
[25-Feb-2018 11:57:50 UTC] PHP   1. {main}() /home/ubuntu/workspace/Labs/3/SilverJack/index.php:0
[25-Feb-2018 11:57:50 UTC] PHP Warning:  Illegal offset type in /home/ubuntu/workspace/Labs/3/SilverJack/index.php on line 34
[25-Feb-2018 11:57:50 UTC] PHP Stack trace:
[25-Feb-2018 11:57:50 UTC] PHP   1. {main}() /home/ubuntu/workspace/Labs/3/SilverJack/index.php:0
[25-Feb-2018 11:57:50 UTC] PHP Warning:  Illegal offset type in /home/ubuntu/workspace/Labs/3/SilverJack/index.php on line 34
[25-Feb-2018 11:57:50 UTC] PHP Stack trace:
[25-Feb-2018 11:57:50 UTC] PHP   1. {main}() /home/ubuntu/workspace/Labs/3/SilverJack/index.php:0
[25-Feb-2018 11:57:50 UTC] PHP Warning:  Illegal offset type in /home/ubuntu/workspace/Labs/3/SilverJack/index.php on line 34
[25-Feb-2018 11:57:50 UTC] PHP Stack trace:
[25-Feb-2018 11:57:50 UTC] PHP   1. {main}() /home/ubuntu/workspace/Labs/3/SilverJack/index.php:0
[25-Feb-2018 11:57:50 UTC] PHP Warning:  Illegal offset type in /home/ubuntu/workspace/Labs/3/SilverJack/index.php on line 34
[25-Feb-2018 11:57:50 UTC] PHP Stack trace:
[25-Feb-2018 11:57:50 UTC] PHP   1. {main}() /home/ubuntu/workspace/Labs/3/SilverJack/index.php:0
[25-Feb-2018 12:01:36 UTC] PHP Warning:  Illegal offset type in /home/ubuntu/workspace/Labs/3/SilverJack/index.php on line 36
[25-Feb-2018 12:01:36 UTC] PHP Stack trace:
[25-Feb-2018 12:01:36 UTC] PHP   1. {main}() /home/ubuntu/workspace/Labs/3/SilverJack/index.php:0
[25-Feb-2018 12:01:36 UTC] PHP Warning:  Illegal offset type in /home/ubuntu/workspace/Labs/3/SilverJack/index.php on line 36
[25-Feb-2018 12:01:36 UTC] PHP Stack trace:
[25-Feb-2018 12:01:36 UTC] PHP   1. {main}() /home/ubuntu/workspace/Labs/3/SilverJack/index.php:0
[25-Feb-2018 12:01:36 UTC] PHP Warning:  Illegal offset type in /home/ubuntu/workspace/Labs/3/SilverJack/index.php on line 36
[25-Feb-2018 12:01:36 UTC] PHP Stack trace:
[25-Feb-2018 12:01:36 UTC] PHP   1. {main}() /home/ubuntu/workspace/Labs/3/SilverJack/index.php:0
[25-Feb-2018 12:01:36 UTC] PHP Warning:  Illegal offset type in /home/ubuntu/workspace/Labs/3/SilverJack/index.php on line 36
[25-Feb-2018 12:01:36 UTC] PHP Stack trace:
[25-Feb-2018 12:01:36 UTC] PHP   1. {main}() /home/ubuntu/workspace/Labs/3/SilverJack/index.php:0
[25-Feb-2018 12:01:36 UTC] PHP Warning:  Illegal offset type in /home/ubuntu/workspace/Labs/3/SilverJack/index.php on line 36
[25-Feb-2018 12:01:36 UTC] PHP Stack trace:
[25-Feb-2018 12:01:36 UTC] PHP   1. {main}() /home/ubuntu/workspace/Labs/3/SilverJack/index.php:0
[25-Feb-2018 12:19:15 UTC] PHP Warning:  Invalid argument supplied for foreach() in /home/ubuntu/workspace/Labs/3/SilverJack/index.php on line 32
[25-Feb-2018 12:19:15 UTC] PHP Stack trace:
[25-Feb-2018 12:19:15 UTC] PHP   1. {main}() /home/ubuntu/workspace/Labs/3/SilverJack/index.php:0
[06-Mar-2018 21:12:07 UTC] PHP Parse error:  syntax error, unexpected '"', expecting identifier (T_STRING) or variable (T_VARIABLE) or number (T_NUM_STRING) in /home/ubuntu/workspace/Labs/3/SilverJack/index.php on line 48
[06-Mar-2018 21:12:31 UTC] PHP Parse error:  syntax error, unexpected '' (T_ENCAPSED_AND_WHITESPACE), expecting identifier (T_STRING) or variable (T_VARIABLE) or number (T_NUM_STRING) in /home/ubuntu/workspace/Labs/3/SilverJack/index.php on line 48
[06-Mar-2018 21:20:51 UTC] PHP Parse error:  syntax error, unexpected '}' in /home/ubuntu/workspace/Labs/3/SilverJack/index.php on line 32
[06-Mar-2018 22:25:59 UTC] PHP Warning:  Illegal offset type in /home/ubuntu/workspace/Labs/4/SilverJack/index.php on line 61
[06-Mar-2018 22:25:59 UTC] PHP Stack trace:
[06-Mar-2018 22:25:59 UTC] PHP   1. {main}() /home/ubuntu/workspace/Labs/4/SilverJack/index.php:0
[06-Mar-2018 22:25:59 UTC] PHP Warning:  Illegal offset type in /home/ubuntu/workspace/Labs/4/SilverJack/index.php on line 61
[06-Mar-2018 22:25:59 UTC] PHP Stack trace:
[06-Mar-2018 22:25:59 UTC] PHP   1. {main}() /home/ubuntu/workspace/Labs/4/SilverJack/index.php:0
[06-Mar-2018 22:25:59 UTC] PHP Warning:  Illegal offset type in /home/ubuntu/workspace/Labs/4/SilverJack/index.php on line 61
[06-Mar-2018 22:25:59 UTC] PHP Stack trace:
[06-Mar-2018 22:25:59 UTC] PHP   1. {main}() /home/ubuntu/workspace/Labs/4/SilverJack/index.php:0
[06-Mar-2018 22:25:59 UTC] PHP Warning:  Illegal offset type in /home/ubuntu/workspace/Labs/4/SilverJack/index.php on line 61
[06-Mar-2018 22:25:59 UTC] PHP Stack trace:
[06-Mar-2018 22:25:59 UTC] PHP   1. {main}() /home/ubuntu/workspace/Labs/4/SilverJack/index.php:0
[06-Mar-2018 22:25:59 UTC] PHP Warning:  Illegal offset type in /home/ubuntu/workspace/Labs/4/SilverJack/index.php on line 61
[06-Mar-2018 22:25:59 UTC] PHP Stack trace:
[06-Mar-2018 22:25:59 UTC] PHP   1. {main}() /home/ubuntu/workspace/Labs/4/SilverJack/index.php:0
[06-Mar-2018 22:25:59 UTC] PHP Warning:  Illegal offset type in /home/ubuntu/workspace/Labs/4/SilverJack/index.php on line 61
[06-Mar-2018 22:25:59 UTC] PHP Stack trace:
[06-Mar-2018 22:25:59 UTC] PHP   1. {main}() /home/ubuntu/workspace/Labs/4/SilverJack/index.php:0
[06-Mar-2018 22:25:59 UTC] PHP Warning:  Illegal offset type in /home/ubuntu/workspace/Labs/4/SilverJack/index.php on line 61
[06-Mar-2018 22:25:59 UTC] PHP Stack trace:
[06-Mar-2018 22:25:59 UTC] PHP   1. {main}() /home/ubuntu/workspace/Labs/4/SilverJack/index.php:0
[06-Mar-2018 22:25:59 UTC] PHP Warning:  Illegal offset type in /home/ubuntu/workspace/Labs/4/SilverJack/index.php on line 61
[06-Mar-2018 22:25:59 UTC] PHP Stack trace:
[06-Mar-2018 22:25:59 UTC] PHP   1. {main}() /home/ubuntu/workspace/Labs/4/SilverJack/index.php:0
[06-Mar-2018 22:25:59 UTC] PHP Warning:  Illegal offset type in /home/ubuntu/workspace/Labs/4/SilverJack/index.php on line 61
[06-Mar-2018 22:25:59 UTC] PHP Stack trace:
[06-Mar-2018 22:25:59 UTC] PHP   1. {main}() /home/ubuntu/workspace/Labs/4/SilverJack/index.php:0
[06-Mar-2018 22:25:59 UTC] PHP Warning:  Illegal offset type in /home/ubuntu/workspace/Labs/4/SilverJack/index.php on line 61
[06-Mar-2018 22:25:59 UTC] PHP Stack trace:
[06-Mar-2018 22:25:59 UTC] PHP   1. {main}() /home/ubuntu/workspace/Labs/4/SilverJack/index.php:0
[06-Mar-2018 22:25:59 UTC] PHP Warning:  Illegal offset type in /home/ubuntu/workspace/Labs/4/SilverJack/index.php on line 61
[06-Mar-2018 22:25:59 UTC] PHP Stack trace:
[06-Mar-2018 22:25:59 UTC] PHP   1. {main}() /home/ubuntu/workspace/Labs/4/SilverJack/index.php:0
[06-Mar-2018 22:25:59 UTC] PHP Warning:  Illegal offset type in /home/ubuntu/workspace/Labs/4/SilverJack/index.php on line 61
[06-Mar-2018 22:25:59 UTC] PHP Stack trace:
[06-Mar-2018 22:25:59 UTC] PHP   1. {main}() /home/ubuntu/workspace/Labs/4/SilverJack/index.php:0
[06-Mar-2018 22:25:59 UTC] PHP Warning:  Illegal offset type in /home/ubuntu/workspace/Labs/4/SilverJack/index.php on line 61
[06-Mar-2018 22:25:59 UTC] PHP Stack trace:
[06-Mar-2018 22:25:59 UTC] PHP   1. {main}() /home/ubuntu/workspace/Labs/4/SilverJack/index.php:0
[06-Mar-2018 22:25:59 UTC] PHP Warning:  Illegal offset type in /home/ubuntu/workspace/Labs/4/SilverJack/index.php on line 61
[06-Mar-2018 22:25:59 UTC] PHP Stack trace:
[06-Mar-2018 22:25:59 UTC] PHP   1. {main}() /home/ubuntu/workspace/Labs/4/SilverJack/index.php:0
[06-Mar-2018 22:25:59 UTC] PHP Warning:  Illegal offset type in /home/ubuntu/workspace/Labs/4/SilverJack/index.php on line 61
[06-Mar-2018 22:25:59 UTC] PHP Stack trace:
[06-Mar-2018 22:25:59 UTC] PHP   1. {main}() /home/ubuntu/workspace/Labs/4/SilverJack/index.php:0
