[18-Feb-2018 03:58:35 UTC] PHP Parse error:  syntax error, unexpected '}' in /home/ubuntu/workspace/Labs/2/777/index.php on line 38
[18-Feb-2018 04:32:02 UTC] PHP Warning:  include(inc/fuctions.php): failed to open stream: No such file or directory in /home/ubuntu/workspace/Labs/2/777/index.php on line 9
[18-Feb-2018 04:32:02 UTC] PHP Stack trace:
[18-Feb-2018 04:32:02 UTC] PHP   1. {main}() /home/ubuntu/workspace/Labs/2/777/index.php:0
[18-Feb-2018 04:32:02 UTC] PHP Warning:  include(): Failed opening 'inc/fuctions.php' for inclusion (include_path='.:/usr/share/php:/usr/share/pear') in /home/ubuntu/workspace/Labs/2/777/index.php on line 9
[18-Feb-2018 04:32:02 UTC] PHP Stack trace:
[18-Feb-2018 04:32:02 UTC] PHP   1. {main}() /home/ubuntu/workspace/Labs/2/777/index.php:0
[18-Feb-2018 04:32:02 UTC] PHP Fatal error:  Call to undefined function displaySymbol() in /home/ubuntu/workspace/Labs/2/777/index.php on line 15
[18-Feb-2018 04:32:02 UTC] PHP Stack trace:
[18-Feb-2018 04:32:02 UTC] PHP   1. {main}() /home/ubuntu/workspace/Labs/2/777/index.php:0
[19-Feb-2018 01:42:31 UTC] PHP Fatal error:  Cannot redeclare play() (previously declared in /home/ubuntu/workspace/Labs/2/777/inc/functions.php:10) in /home/ubuntu/workspace/Labs/2/777/inc/functions.php on line 62
[19-Feb-2018 01:42:31 UTC] PHP Stack trace:
[19-Feb-2018 01:42:31 UTC] PHP   1. {main}() /home/ubuntu/workspace/Labs/2/777/index.php:0
[19-Feb-2018 01:45:59 UTC] PHP Parse error:  syntax error, unexpected '}' in /home/ubuntu/workspace/Labs/2/777/index.php on line 16
[19-Feb-2018 02:40:34 UTC] PHP Fatal error:  Call to undefined function play() in /home/ubuntu/workspace/Labs/2/777/index.php on line 15
[19-Feb-2018 02:40:34 UTC] PHP Stack trace:
[19-Feb-2018 02:40:34 UTC] PHP   1. {main}() /home/ubuntu/workspace/Labs/2/777/index.php:0
[19-Feb-2018 02:41:32 UTC] PHP Fatal error:  Call to undefined function play() in /home/ubuntu/workspace/Labs/2/777/index.php on line 15
[19-Feb-2018 02:41:32 UTC] PHP Stack trace:
[19-Feb-2018 02:41:32 UTC] PHP   1. {main}() /home/ubuntu/workspace/Labs/2/777/index.php:0
[19-Feb-2018 02:46:09 UTC] PHP Parse error:  syntax error, unexpected 'echo' (T_ECHO), expecting ',' or ';' in /home/ubuntu/workspace/Labs/2/777/inc/functions.php on line 25
[19-Feb-2018 02:46:09 UTC] PHP Stack trace:
[19-Feb-2018 02:46:09 UTC] PHP   1. {main}() /home/ubuntu/workspace/Labs/2/777/index.php:0
